{"/home/dkanczuk/go/src/github.com/danielsussa/simple-cd-project/web/src/App.vue": {"path":"/home/dkanczuk/go/src/github.com/danielsussa/simple-cd-project/web/src/App.vue","statementMap":{"0":{"start":{"line":9,"column":0},"end":{"line":null,"column":-1}}},"fnMap":{},"branchMap":{},"s":{"0":0},"f":{},"b":{}}
,"/home/dkanczuk/go/src/github.com/danielsussa/simple-cd-project/web/src/components/HelloWorld.vue": {"path":"/home/dkanczuk/go/src/github.com/danielsussa/simple-cd-project/web/src/components/HelloWorld.vue","statementMap":{"0":{"start":{"line":12,"column":0},"end":{"line":null,"column":-1}}},"fnMap":{"0":{"name":"data","decl":{"start":{"line":11,"column":0},"end":{"line":null,"column":-1}},"loc":{"start":{"line":11,"column":0},"end":{"line":15,"column":0}}}},"branchMap":{},"s":{"0":0},"f":{"0":0},"b":{}}
}
